<?xml version="1.0" encoding="UTF-8"?>
<!-- Generated by org.testng.reporters.JUnitXMLReporter -->
<testsuite hostname="Abdou-PC" ignored="0" name="Test" tests="4" failures="1" timestamp="05 févr. 2021 20:44:56 GMT" time="51.829" errors="0">
  <testcase name="test1" time="2.244" classname="test.Test1">
    <failure type="java.lang.AssertionError" message="the title contains not Test0 expected [true] but found [false]">
      <![CDATA[java.lang.AssertionError: the title contains not Test0 expected [true] but found [false]
at test.Test1.test1(Test1.java:17)
... Removed 28 stack frames]]>
    </failure>
  </testcase> <!-- test1 -->
  <testcase name="test2" time="2.137" classname="test.Test1"/>
  <testcase name="test3" time="2.033" classname="test.Test1">
    <skipped/>
  </testcase> <!-- test3 -->
  <testcase name="test4" time="1.977" classname="test.Test1"/>
</testsuite> <!-- Test -->
